# JRE version: OpenJDK Runtime Environment (17.0.11) (build 17.0.11+0--11852314)
# Java VM: OpenJDK 64-Bit Server VM (17.0.11+0--11852314, mixed mode, tiered, compressed oops, compressed class ptrs, g1 gc, windows-amd64)
GC Precious Log:
 CPUs: 4 total, 4 available
 Memory: 8038M
 Large Page Support: Disabled
 NUMA Support: Disabled
 Compressed Oops: Enabled (32-bit)
 Heap Region Size: 1M
 Heap Min Capacity: 8M
 Heap Initial Capacity: 126M
 Heap Max Capacity: 2G
 Pre-touch: Disabled
 Parallel Workers: 4
 Concurrent Workers: 1
 Concurrent Refinement Workers: 4
 Periodic GC: Disabled
Heap:
 garbage-first heap   total 140288K, used 119248K [0x0000000080000000, 0x0000000100000000)
  region size 1024K, 4 young (4096K), 2 survivors (2048K)
 Metaspace       used 99359K, committed 100032K, reserved 1179648K
  class space    used 13495K, committed 13824K, reserved 1048576K
GC Heap History (20 events):
Event: 23.217 GC heap before
{Heap before GC invocations=48 (full 0):
 garbage-first heap   total 140288K, used 109371K [0x0000000080000000, 0x0000000100000000)
  region size 1024K, 41 young (41984K), 1 survivors (1024K)
 Metaspace       used 83967K, committed 84544K, reserved 1179648K
  class space    used 11434K, committed 11712K, reserved 1048576K
}
Event: 23.223 GC heap after
{Heap after GC invocations=49 (full 0):
 garbage-first heap   total 140288K, used 70904K [0x0000000080000000, 0x0000000100000000)
  region size 1024K, 4 young (4096K), 4 survivors (4096K)
 Metaspace       used 83967K, committed 84544K, reserved 1179648K
  class space    used 11434K, committed 11712K, reserved 1048576K
}
Event: 24.458 GC heap before
{Heap before GC invocations=49 (full 0):
 garbage-first heap   total 140288K, used 109816K [0x0000000080000000, 0x0000000100000000)
  region size 1024K, 42 young (43008K), 4 survivors (4096K)
 Metaspace       used 88997K, committed 89600K, reserved 1179648K
  class space    used 12165K, committed 12416K, reserved 1048576K
}
Event: 24.466 GC heap after
{Heap after GC invocations=50 (full 0):
 garbage-first heap   total 140288K, used 73773K [0x0000000080000000, 0x0000000100000000)
  region size 1024K, 3 young (3072K), 3 survivors (3072K)
 Metaspace       used 88997K, committed 89600K, reserved 1179648K
  class space    used 12165K, committed 12416K, reserved 1048576K
}
Event: 25.818 GC heap before
{Heap before GC invocations=50 (full 0):
 garbage-first heap   total 140288K, used 112685K [0x0000000080000000, 0x0000000100000000)
  region size 1024K, 41 young (41984K), 3 survivors (3072K)
 Metaspace       used 92168K, committed 92864K, reserved 1179648K
  class space    used 12657K, committed 12992K, reserved 1048576K
}
Event: 25.826 GC heap after
{Heap after GC invocations=51 (full 0):
 garbage-first heap   total 140288K, used 77562K [0x0000000080000000, 0x0000000100000000)
  region size 1024K, 6 young (6144K), 6 survivors (6144K)
 Metaspace       used 92168K, committed 92864K, reserved 1179648K
  class space    used 12657K, committed 12992K, reserved 1048576K
}
Event: 27.199 GC heap before
{Heap before GC invocations=51 (full 0):
 garbage-first heap   total 140288K, used 112378K [0x0000000080000000, 0x0000000100000000)
  region size 1024K, 41 young (41984K), 6 survivors (6144K)
 Metaspace       used 93245K, committed 93888K, reserved 1179648K
  class space    used 12799K, committed 13120K, reserved 1048576K
}
Event: 27.210 GC heap after
{Heap after GC invocations=52 (full 0):
 garbage-first heap   total 140288K, used 81956K [0x0000000080000000, 0x0000000100000000)
  region size 1024K, 5 young (5120K), 5 survivors (5120K)
 Metaspace       used 93245K, committed 93888K, reserved 1179648K
  class space    used 12799K, committed 13120K, reserved 1048576K
}
Event: 28.725 GC heap before
{Heap before GC invocations=52 (full 0):
 garbage-first heap   total 140288K, used 113700K [0x0000000080000000, 0x0000000100000000)
  region size 1024K, 37 young (37888K), 5 survivors (5120K)
 Metaspace       used 93892K, committed 94592K, reserved 1179648K
  class space    used 12850K, committed 13184K, reserved 1048576K
}
Event: 28.736 GC heap after
{Heap after GC invocations=53 (full 0):
 garbage-first heap   total 140288K, used 84443K [0x0000000080000000, 0x0000000100000000)
  region size 1024K, 3 young (3072K), 3 survivors (3072K)
 Metaspace       used 93892K, committed 94592K, reserved 1179648K
  class space    used 12850K, committed 13184K, reserved 1048576K
}
Event: 30.086 GC heap before
{Heap before GC invocations=53 (full 0):
 garbage-first heap   total 140288K, used 115163K [0x0000000080000000, 0x0000000100000000)
  region size 1024K, 34 young (34816K), 3 survivors (3072K)
 Metaspace       used 95294K, committed 96000K, reserved 1179648K
  class space    used 13033K, committed 13376K, reserved 1048576K
}
Event: 30.094 GC heap after
{Heap after GC invocations=54 (full 0):
 garbage-first heap   total 140288K, used 88055K [0x0000000080000000, 0x0000000100000000)
  region size 1024K, 4 young (4096K), 4 survivors (4096K)
 Metaspace       used 95294K, committed 96000K, reserved 1179648K
  class space    used 13033K, committed 13376K, reserved 1048576K
}
Event: 31.140 GC heap before
{Heap before GC invocations=54 (full 0):
 garbage-first heap   total 140288K, used 115703K [0x0000000080000000, 0x0000000100000000)
  region size 1024K, 32 young (32768K), 4 survivors (4096K)
 Metaspace       used 97636K, committed 98304K, reserved 1179648K
  class space    used 13326K, committed 13632K, reserved 1048576K
}
Event: 31.149 GC heap after
{Heap after GC invocations=55 (full 0):
 garbage-first heap   total 140288K, used 90825K [0x0000000080000000, 0x0000000100000000)
  region size 1024K, 3 young (3072K), 3 survivors (3072K)
 Metaspace       used 97636K, committed 98304K, reserved 1179648K
  class space    used 13326K, committed 13632K, reserved 1048576K
}
Event: 31.893 GC heap before
{Heap before GC invocations=55 (full 0):
 garbage-first heap   total 140288K, used 116425K [0x0000000080000000, 0x0000000100000000)
  region size 1024K, 29 young (29696K), 3 survivors (3072K)
 Metaspace       used 97848K, committed 98496K, reserved 1179648K
  class space    used 13357K, committed 13696K, reserved 1048576K
}
Event: 31.900 GC heap after
{Heap after GC invocations=56 (full 0):
 garbage-first heap   total 140288K, used 92760K [0x0000000080000000, 0x0000000100000000)
  region size 1024K, 2 young (2048K), 2 survivors (2048K)
 Metaspace       used 97848K, committed 98496K, reserved 1179648K
  class space    used 13357K, committed 13696K, reserved 1048576K
}
Event: 33.238 GC heap before
{Heap before GC invocations=56 (full 0):
 garbage-first heap   total 140288K, used 115288K [0x0000000080000000, 0x0000000100000000)
  region size 1024K, 17 young (17408K), 2 survivors (2048K)
 Metaspace       used 98962K, committed 99648K, reserved 1179648K
  class space    used 13435K, committed 13760K, reserved 1048576K
}
Event: 33.243 GC heap after
{Heap after GC invocations=57 (full 0):
 garbage-first heap   total 140288K, used 103275K [0x0000000080000000, 0x0000000100000000)
  region size 1024K, 4 young (4096K), 4 survivors (4096K)
 Metaspace       used 98962K, committed 99648K, reserved 1179648K
  class space    used 13435K, committed 13760K, reserved 1048576K
}
Event: 33.319 GC heap before
{Heap before GC invocations=57 (full 0):
 garbage-first heap   total 140288K, used 111467K [0x0000000080000000, 0x0000000100000000)
  region size 1024K, 6 young (6144K), 4 survivors (4096K)
 Metaspace       used 98962K, committed 99648K, reserved 1179648K
  class space    used 13435K, committed 13760K, reserved 1048576K
}
Event: 33.323 GC heap after
{Heap after GC invocations=58 (full 0):
 garbage-first heap   total 140288K, used 113104K [0x0000000080000000, 0x0000000100000000)
  region size 1024K, 2 young (2048K), 2 survivors (2048K)
 Metaspace       used 98962K, committed 99648K, reserved 1179648K
  class space    used 13435K, committed 13760K, reserved 1048576K
}

