# JRE version: OpenJDK Runtime Environment (17.0.11) (build 17.0.11+0--11852314)
# Java VM: OpenJDK 64-Bit Server VM (17.0.11+0--11852314, mixed mode, tiered, compressed oops, compressed class ptrs, g1 gc, windows-amd64)
GC Precious Log:
 CPUs: 4 total, 4 available
 Memory: 8038M
 Large Page Support: Disabled
 NUMA Support: Disabled
 Compressed Oops: Enabled (32-bit)
 Heap Region Size: 1M
 Heap Min Capacity: 8M
 Heap Initial Capacity: 126M
 Heap Max Capacity: 2G
 Pre-touch: Disabled
 Parallel Workers: 4
 Concurrent Workers: 1
 Concurrent Refinement Workers: 4
 Periodic GC: Disabled
Heap:
 garbage-first heap   total 307200K, used 218624K [0x0000000080000000, 0x0000000100000000)
  region size 1024K, 7 young (7168K), 7 survivors (7168K)
 Metaspace       used 103741K, committed 104448K, reserved 1179648K
  class space    used 14280K, committed 14592K, reserved 1048576K
GC Heap History (20 events):
Event: 122.462 GC heap after
{Heap after GC invocations=53 (full 0):
 garbage-first heap   total 126976K, used 75909K [0x0000000080000000, 0x0000000100000000)
  region size 1024K, 1 young (1024K), 1 survivors (1024K)
 Metaspace       used 91015K, committed 91648K, reserved 1179648K
  class space    used 12468K, committed 12800K, reserved 1048576K
}
Event: 140.379 GC heap before
{Heap before GC invocations=53 (full 0):
 garbage-first heap   total 126976K, used 103557K [0x0000000080000000, 0x0000000100000000)
  region size 1024K, 29 young (29696K), 1 survivors (1024K)
 Metaspace       used 93009K, committed 93632K, reserved 1179648K
  class space    used 12808K, committed 13120K, reserved 1048576K
}
Event: 140.391 GC heap after
{Heap after GC invocations=54 (full 0):
 garbage-first heap   total 126976K, used 78558K [0x0000000080000000, 0x0000000100000000)
  region size 1024K, 4 young (4096K), 4 survivors (4096K)
 Metaspace       used 93009K, committed 93632K, reserved 1179648K
  class space    used 12808K, committed 13120K, reserved 1048576K
}
Event: 147.747 GC heap before
{Heap before GC invocations=55 (full 0):
 garbage-first heap   total 135168K, used 102110K [0x0000000080000000, 0x0000000100000000)
  region size 1024K, 28 young (28672K), 4 survivors (4096K)
 Metaspace       used 93272K, committed 93952K, reserved 1179648K
  class space    used 12815K, committed 13120K, reserved 1048576K
}
Event: 147.756 GC heap after
{Heap after GC invocations=56 (full 0):
 garbage-first heap   total 135168K, used 80741K [0x0000000080000000, 0x0000000100000000)
  region size 1024K, 3 young (3072K), 3 survivors (3072K)
 Metaspace       used 93272K, committed 93952K, reserved 1179648K
  class space    used 12815K, committed 13120K, reserved 1048576K
}
Event: 147.920 GC heap before
{Heap before GC invocations=56 (full 0):
 garbage-first heap   total 135168K, used 83813K [0x0000000080000000, 0x0000000100000000)
  region size 1024K, 6 young (6144K), 3 survivors (3072K)
 Metaspace       used 93293K, committed 93952K, reserved 1179648K
  class space    used 12817K, committed 13120K, reserved 1048576K
}
Event: 147.923 GC heap after
{Heap after GC invocations=57 (full 0):
 garbage-first heap   total 135168K, used 80947K [0x0000000080000000, 0x0000000100000000)
  region size 1024K, 1 young (1024K), 1 survivors (1024K)
 Metaspace       used 93293K, committed 93952K, reserved 1179648K
  class space    used 12817K, committed 13120K, reserved 1048576K
}
Event: 245.137 GC heap before
{Heap before GC invocations=57 (full 0):
 garbage-first heap   total 135168K, used 110643K [0x0000000080000000, 0x0000000100000000)
  region size 1024K, 31 young (31744K), 1 survivors (1024K)
 Metaspace       used 93917K, committed 94592K, reserved 1179648K
  class space    used 12875K, committed 13184K, reserved 1048576K
}
Event: 245.143 GC heap after
{Heap after GC invocations=58 (full 0):
 garbage-first heap   total 268288K, used 82980K [0x0000000080000000, 0x0000000100000000)
  region size 1024K, 3 young (3072K), 3 survivors (3072K)
 Metaspace       used 93917K, committed 94592K, reserved 1179648K
  class space    used 12875K, committed 13184K, reserved 1048576K
}
Event: 247.074 GC heap before
{Heap before GC invocations=58 (full 0):
 garbage-first heap   total 268288K, used 170020K [0x0000000080000000, 0x0000000100000000)
  region size 1024K, 75 young (76800K), 3 survivors (3072K)
 Metaspace       used 96422K, committed 97088K, reserved 1179648K
  class space    used 13111K, committed 13440K, reserved 1048576K
}
Event: 247.087 GC heap after
{Heap after GC invocations=59 (full 0):
 garbage-first heap   total 268288K, used 106682K [0x0000000080000000, 0x0000000100000000)
  region size 1024K, 12 young (12288K), 12 survivors (12288K)
 Metaspace       used 96422K, committed 97088K, reserved 1179648K
  class space    used 13111K, committed 13440K, reserved 1048576K
}
Event: 247.812 GC heap before
{Heap before GC invocations=59 (full 0):
 garbage-first heap   total 268288K, used 133306K [0x0000000080000000, 0x0000000100000000)
  region size 1024K, 26 young (26624K), 12 survivors (12288K)
 Metaspace       used 99661K, committed 100352K, reserved 1179648K
  class space    used 13574K, committed 13952K, reserved 1048576K
}
Event: 247.821 GC heap after
{Heap after GC invocations=60 (full 0):
 garbage-first heap   total 268288K, used 119458K [0x0000000080000000, 0x0000000100000000)
  region size 1024K, 3 young (3072K), 3 survivors (3072K)
 Metaspace       used 99661K, committed 100352K, reserved 1179648K
  class space    used 13574K, committed 13952K, reserved 1048576K
}
Event: 249.537 GC heap before
{Heap before GC invocations=61 (full 0):
 garbage-first heap   total 307200K, used 248482K [0x0000000080000000, 0x0000000100000000)
  region size 1024K, 79 young (80896K), 3 survivors (3072K)
 Metaspace       used 101083K, committed 101824K, reserved 1179648K
  class space    used 13769K, committed 14144K, reserved 1048576K
}
Event: 249.577 GC heap after
{Heap after GC invocations=62 (full 0):
 garbage-first heap   total 307200K, used 162541K [0x0000000080000000, 0x0000000100000000)
  region size 1024K, 10 young (10240K), 10 survivors (10240K)
 Metaspace       used 101083K, committed 101824K, reserved 1179648K
  class space    used 13769K, committed 14144K, reserved 1048576K
}
Event: 249.617 GC heap before
{Heap before GC invocations=62 (full 0):
 garbage-first heap   total 307200K, used 166637K [0x0000000080000000, 0x0000000100000000)
  region size 1024K, 15 young (15360K), 10 survivors (10240K)
 Metaspace       used 101100K, committed 101824K, reserved 1179648K
  class space    used 13770K, committed 14144K, reserved 1048576K
}
Event: 249.646 GC heap after
{Heap after GC invocations=63 (full 0):
 garbage-first heap   total 307200K, used 164864K [0x0000000080000000, 0x0000000100000000)
  region size 1024K, 2 young (2048K), 2 survivors (2048K)
 Metaspace       used 101100K, committed 101824K, reserved 1179648K
  class space    used 13770K, committed 14144K, reserved 1048576K
}
Event: 250.327 GC heap before
{Heap before GC invocations=63 (full 0):
 garbage-first heap   total 307200K, used 233472K [0x0000000080000000, 0x0000000100000000)
  region size 1024K, 70 young (71680K), 2 survivors (2048K)
 Metaspace       used 103718K, committed 104384K, reserved 1179648K
  class space    used 14280K, committed 14592K, reserved 1048576K
}
Event: 250.371 GC heap after
{Heap after GC invocations=64 (full 0):
 garbage-first heap   total 307200K, used 198144K [0x0000000080000000, 0x0000000100000000)
  region size 1024K, 9 young (9216K), 9 survivors (9216K)
 Metaspace       used 103718K, committed 104384K, reserved 1179648K
  class space    used 14280K, committed 14592K, reserved 1048576K
}
Event: 250.644 GC heap before
{Heap before GC invocations=64 (full 0):
 garbage-first heap   total 307200K, used 239104K [0x0000000080000000, 0x0000000100000000)
  region size 1024K, 49 young (50176K), 9 survivors (9216K)
 Metaspace       used 103741K, committed 104448K, reserved 1179648K
  class space    used 14280K, committed 14592K, reserved 1048576K
}

